2025-04-10 00:01:57,484 - WARNING - SS API 1d4c87a85879cf25d1e0251049de334cea3fcd3c: API rate limit exceeded
2025-04-10 00:02:25,565 - ERROR - Selenium 1d4c87a85879cf25d1e0251049de334cea3fcd3c: Message: 
Stacktrace:
	GetHandleVerifier [0x00007FF625B45335+78597]
	GetHandleVerifier [0x00007FF625B45390+78688]
	(No symbol) [0x00007FF6258F91AA]
	(No symbol) [0x00007FF62594F149]
	(No symbol) [0x00007FF62594F3FC]
	(No symbol) [0x00007FF6259A2467]
	(No symbol) [0x00007FF62597712F]
	(No symbol) [0x00007FF62599F2BB]
	(No symbol) [0x00007FF625976EC3]
	(No symbol) [0x00007FF6259403F8]
	(No symbol) [0x00007FF625941163]
	GetHandleVerifier [0x00007FF625DEEEED+2870973]
	GetHandleVerifier [0x00007FF625DE9698+2848360]
	GetHandleVerifier [0x00007FF625E06973+2967875]
	GetHandleVerifier [0x00007FF625B6017A+188746]
	GetHandleVerifier [0x00007FF625B6845F+222255]
	GetHandleVerifier [0x00007FF625B4D2B4+111236]
	GetHandleVerifier [0x00007FF625B4D462+111666]
	GetHandleVerifier [0x00007FF625B33589+5465]
	BaseThreadInitThunk [0x00007FFEA72BE8D7+23]
	RtlUserThreadStart [0x00007FFEA7D114FC+44]

2025-04-10 00:02:27,812 - INFO - Retry 1/7 for 1d4c87a85879cf25d1e0251049de334cea3fcd3c in 7s
2025-04-10 00:02:39,492 - WARNING - SS API 3fb0b2a7b48b1c34ff1bc4df4e749134faf7de17: API rate limit exceeded
2025-04-10 00:03:07,632 - ERROR - Selenium 3fb0b2a7b48b1c34ff1bc4df4e749134faf7de17: Message: 
Stacktrace:
	GetHandleVerifier [0x00007FF625B45335+78597]
	GetHandleVerifier [0x00007FF625B45390+78688]
	(No symbol) [0x00007FF6258F91AA]
	(No symbol) [0x00007FF62594F149]
	(No symbol) [0x00007FF62594F3FC]
	(No symbol) [0x00007FF6259A2467]
	(No symbol) [0x00007FF62597712F]
	(No symbol) [0x00007FF62599F2BB]
	(No symbol) [0x00007FF625976EC3]
	(No symbol) [0x00007FF6259403F8]
	(No symbol) [0x00007FF625941163]
	GetHandleVerifier [0x00007FF625DEEEED+2870973]
	GetHandleVerifier [0x00007FF625DE9698+2848360]
	GetHandleVerifier [0x00007FF625E06973+2967875]
	GetHandleVerifier [0x00007FF625B6017A+188746]
	GetHandleVerifier [0x00007FF625B6845F+222255]
	GetHandleVerifier [0x00007FF625B4D2B4+111236]
	GetHandleVerifier [0x00007FF625B4D462+111666]
	GetHandleVerifier [0x00007FF625B33589+5465]
	BaseThreadInitThunk [0x00007FFEA72BE8D7+23]
	RtlUserThreadStart [0x00007FFEA7D114FC+44]

2025-04-10 00:03:10,026 - INFO - Retry 1/7 for 3fb0b2a7b48b1c34ff1bc4df4e749134faf7de17 in 7s
2025-04-10 00:03:17,854 - WARNING - SS API 3fb0b2a7b48b1c34ff1bc4df4e749134faf7de17: API rate limit exceeded
2025-04-10 00:03:45,105 - ERROR - Selenium 3fb0b2a7b48b1c34ff1bc4df4e749134faf7de17: Message: 
Stacktrace:
	GetHandleVerifier [0x00007FF625B45335+78597]
	GetHandleVerifier [0x00007FF625B45390+78688]
	(No symbol) [0x00007FF6258F91AA]
	(No symbol) [0x00007FF62594F149]
	(No symbol) [0x00007FF62594F3FC]
	(No symbol) [0x00007FF6259A2467]
	(No symbol) [0x00007FF62597712F]
	(No symbol) [0x00007FF62599F2BB]
	(No symbol) [0x00007FF625976EC3]
	(No symbol) [0x00007FF6259403F8]
	(No symbol) [0x00007FF625941163]
	GetHandleVerifier [0x00007FF625DEEEED+2870973]
	GetHandleVerifier [0x00007FF625DE9698+2848360]
	GetHandleVerifier [0x00007FF625E06973+2967875]
	GetHandleVerifier [0x00007FF625B6017A+188746]
	GetHandleVerifier [0x00007FF625B6845F+222255]
	GetHandleVerifier [0x00007FF625B4D2B4+111236]
	GetHandleVerifier [0x00007FF625B4D462+111666]
	GetHandleVerifier [0x00007FF625B33589+5465]
	BaseThreadInitThunk [0x00007FFEA72BE8D7+23]
	RtlUserThreadStart [0x00007FFEA7D114FC+44]

2025-04-10 00:03:47,393 - INFO - Retry 2/7 for 3fb0b2a7b48b1c34ff1bc4df4e749134faf7de17 in 14s
2025-04-10 00:04:12,858 - INFO - Progress: 10/74
2025-04-10 00:04:21,528 - WARNING - SS API 06365a5d675173464b72a277ff2881c97f5443a7: API rate limit exceeded
2025-04-10 00:04:49,088 - ERROR - Selenium 06365a5d675173464b72a277ff2881c97f5443a7: Message: 
Stacktrace:
	GetHandleVerifier [0x00007FF625B45335+78597]
	GetHandleVerifier [0x00007FF625B45390+78688]
	(No symbol) [0x00007FF6258F91AA]
	(No symbol) [0x00007FF62594F149]
	(No symbol) [0x00007FF62594F3FC]
	(No symbol) [0x00007FF6259A2467]
	(No symbol) [0x00007FF62597712F]
	(No symbol) [0x00007FF62599F2BB]
	(No symbol) [0x00007FF625976EC3]
	(No symbol) [0x00007FF6259403F8]
	(No symbol) [0x00007FF625941163]
	GetHandleVerifier [0x00007FF625DEEEED+2870973]
	GetHandleVerifier [0x00007FF625DE9698+2848360]
	GetHandleVerifier [0x00007FF625E06973+2967875]
	GetHandleVerifier [0x00007FF625B6017A+188746]
	GetHandleVerifier [0x00007FF625B6845F+222255]
	GetHandleVerifier [0x00007FF625B4D2B4+111236]
	GetHandleVerifier [0x00007FF625B4D462+111666]
	GetHandleVerifier [0x00007FF625B33589+5465]
	BaseThreadInitThunk [0x00007FFEA72BE8D7+23]
	RtlUserThreadStart [0x00007FFEA7D114FC+44]

2025-04-10 00:04:51,331 - INFO - Retry 1/7 for 06365a5d675173464b72a277ff2881c97f5443a7 in 7s
2025-04-10 00:05:09,452 - WARNING - SS API b6008a8c4e40b086c47291443c74a9343aad7a88: API rate limit exceeded
2025-04-10 00:05:37,154 - ERROR - Selenium b6008a8c4e40b086c47291443c74a9343aad7a88: Message: 
Stacktrace:
	GetHandleVerifier [0x00007FF625B45335+78597]
	GetHandleVerifier [0x00007FF625B45390+78688]
	(No symbol) [0x00007FF6258F91AA]
	(No symbol) [0x00007FF62594F149]
	(No symbol) [0x00007FF62594F3FC]
	(No symbol) [0x00007FF6259A2467]
	(No symbol) [0x00007FF62597712F]
	(No symbol) [0x00007FF62599F2BB]
	(No symbol) [0x00007FF625976EC3]
	(No symbol) [0x00007FF6259403F8]
	(No symbol) [0x00007FF625941163]
	GetHandleVerifier [0x00007FF625DEEEED+2870973]
	GetHandleVerifier [0x00007FF625DE9698+2848360]
	GetHandleVerifier [0x00007FF625E06973+2967875]
	GetHandleVerifier [0x00007FF625B6017A+188746]
	GetHandleVerifier [0x00007FF625B6845F+222255]
	GetHandleVerifier [0x00007FF625B4D2B4+111236]
	GetHandleVerifier [0x00007FF625B4D462+111666]
	GetHandleVerifier [0x00007FF625B33589+5465]
	BaseThreadInitThunk [0x00007FFEA72BE8D7+23]
	RtlUserThreadStart [0x00007FFEA7D114FC+44]

2025-04-10 00:05:39,557 - INFO - Retry 1/7 for b6008a8c4e40b086c47291443c74a9343aad7a88 in 7s
2025-04-10 00:05:47,412 - WARNING - SS API b6008a8c4e40b086c47291443c74a9343aad7a88: API rate limit exceeded
2025-04-10 00:06:15,792 - ERROR - Selenium b6008a8c4e40b086c47291443c74a9343aad7a88: Message: 
Stacktrace:
	GetHandleVerifier [0x00007FF625B45335+78597]
	GetHandleVerifier [0x00007FF625B45390+78688]
	(No symbol) [0x00007FF6258F91AA]
	(No symbol) [0x00007FF62594F149]
	(No symbol) [0x00007FF62594F3FC]
	(No symbol) [0x00007FF6259A2467]
	(No symbol) [0x00007FF62597712F]
	(No symbol) [0x00007FF62599F2BB]
	(No symbol) [0x00007FF625976EC3]
	(No symbol) [0x00007FF6259403F8]
	(No symbol) [0x00007FF625941163]
	GetHandleVerifier [0x00007FF625DEEEED+2870973]
	GetHandleVerifier [0x00007FF625DE9698+2848360]
	GetHandleVerifier [0x00007FF625E06973+2967875]
	GetHandleVerifier [0x00007FF625B6017A+188746]
	GetHandleVerifier [0x00007FF625B6845F+222255]
	GetHandleVerifier [0x00007FF625B4D2B4+111236]
	GetHandleVerifier [0x00007FF625B4D462+111666]
	GetHandleVerifier [0x00007FF625B33589+5465]
	BaseThreadInitThunk [0x00007FFEA72BE8D7+23]
	RtlUserThreadStart [0x00007FFEA7D114FC+44]

2025-04-10 00:06:18,276 - INFO - Retry 2/7 for b6008a8c4e40b086c47291443c74a9343aad7a88 in 14s
2025-04-10 00:06:33,137 - WARNING - SS API b6008a8c4e40b086c47291443c74a9343aad7a88: API rate limit exceeded
2025-04-10 00:07:01,258 - ERROR - Selenium b6008a8c4e40b086c47291443c74a9343aad7a88: Message: 
Stacktrace:
	GetHandleVerifier [0x00007FF625B45335+78597]
	GetHandleVerifier [0x00007FF625B45390+78688]
	(No symbol) [0x00007FF6258F91AA]
	(No symbol) [0x00007FF62594F149]
	(No symbol) [0x00007FF62594F3FC]
	(No symbol) [0x00007FF6259A2467]
	(No symbol) [0x00007FF62597712F]
	(No symbol) [0x00007FF62599F2BB]
	(No symbol) [0x00007FF625976EC3]
	(No symbol) [0x00007FF6259403F8]
	(No symbol) [0x00007FF625941163]
	GetHandleVerifier [0x00007FF625DEEEED+2870973]
	GetHandleVerifier [0x00007FF625DE9698+2848360]
	GetHandleVerifier [0x00007FF625E06973+2967875]
	GetHandleVerifier [0x00007FF625B6017A+188746]
	GetHandleVerifier [0x00007FF625B6845F+222255]
	GetHandleVerifier [0x00007FF625B4D2B4+111236]
	GetHandleVerifier [0x00007FF625B4D462+111666]
	GetHandleVerifier [0x00007FF625B33589+5465]
	BaseThreadInitThunk [0x00007FFEA72BE8D7+23]
	RtlUserThreadStart [0x00007FFEA7D114FC+44]

2025-04-10 00:07:03,660 - INFO - Retry 3/7 for b6008a8c4e40b086c47291443c74a9343aad7a88 in 28s
2025-04-10 00:07:29,236 - INFO - User interrupted processing
2025-04-10 00:07:29,237 - INFO - Saving partial results before exit
2025-04-10 00:07:29,238 - INFO - Saved 16 entries to BibTeX_output.bib
2025-04-10 00:07:29,240 - INFO - Saved 57 unfinished URLs
